# JRE version: Java(TM) SE Runtime Environment (15.0+36) (build 15+36-1562)
# Java VM: Java HotSpot(TM) 64-Bit Server VM (15+36-1562, mixed mode, sharing, tiered, compressed oops, g1 gc, windows-amd64)
GC Precious Log:
 CPUs: 8 total, 8 available
 Memory: 24295M
 Large Page Support: Disabled
 NUMA Support: Disabled
 Compressed Oops: Enabled (32-bit)
 Heap Region Size: 1M
 Heap Min Capacity: 8M
 Heap Initial Capacity: 380M
 Heap Max Capacity: 2G
 Pre-touch: Disabled
 Parallel Workers: 8
 Concurrent Workers: 2
 Concurrent Refinement Workers: 8
 Periodic GC: Disabled
Heap:
 garbage-first heap   total 75776K, used 38132K [0x0000000080000000, 0x0000000100000000)
  region size 1024K, 16 young (16384K), 3 survivors (3072K)
 Metaspace       used 32134K, capacity 32690K, committed 32944K, reserved 1077248K
  class space    used 4344K, capacity 4509K, committed 4608K, reserved 1048576K
GC Heap History (8 events):
Event: 4.805 GC heap before
{Heap before GC invocations=0 (full 0):
 garbage-first heap   total 389120K, used 28672K [0x0000000080000000, 0x0000000100000000)
  region size 1024K, 23 young (23552K), 0 survivors (0K)
 Metaspace       used 3403K, capacity 6226K, committed 6400K, reserved 1056768K
  class space    used 428K, capacity 710K, committed 768K, reserved 1048576K
}
Event: 4.812 GC heap after
{Heap after GC invocations=1 (full 0):
 garbage-first heap   total 389120K, used 9610K [0x0000000080000000, 0x0000000100000000)
  region size 1024K, 3 young (3072K), 3 survivors (3072K)
 Metaspace       used 3403K, capacity 6226K, committed 6400K, reserved 1056768K
  class space    used 428K, capacity 710K, committed 768K, reserved 1048576K
}
Event: 6.229 GC heap before
{Heap before GC invocations=1 (full 0):
 garbage-first heap   total 389120K, used 35210K [0x0000000080000000, 0x0000000100000000)
  region size 1024K, 28 young (28672K), 3 survivors (3072K)
 Metaspace       used 4335K, capacity 6741K, committed 7040K, reserved 1056768K
  class space    used 524K, capacity 775K, committed 896K, reserved 1048576K
}
Event: 6.232 GC heap after
{Heap after GC invocations=2 (full 0):
 garbage-first heap   total 389120K, used 10132K [0x0000000080000000, 0x0000000100000000)
  region size 1024K, 1 young (1024K), 1 survivors (1024K)
 Metaspace       used 4335K, capacity 6741K, committed 7040K, reserved 1056768K
  class space    used 524K, capacity 775K, committed 896K, reserved 1048576K
}
Event: 12.006 GC heap before
{Heap before GC invocations=2 (full 0):
 garbage-first heap   total 389120K, used 119700K [0x0000000080000000, 0x0000000100000000)
  region size 1024K, 109 young (111616K), 1 survivors (1024K)
 Metaspace       used 20730K, capacity 21175K, committed 21296K, reserved 1067008K
  class space    used 2991K, capacity 3132K, committed 3200K, reserved 1048576K
}
Event: 12.023 GC heap after
{Heap after GC invocations=3 (full 0):
 garbage-first heap   total 389120K, used 20250K [0x0000000080000000, 0x0000000100000000)
  region size 1024K, 11 young (11264K), 11 survivors (11264K)
 Metaspace       used 20730K, capacity 21175K, committed 21296K, reserved 1067008K
  class space    used 2991K, capacity 3132K, committed 3200K, reserved 1048576K
}
Event: 13.917 GC heap before
{Heap before GC invocations=4 (full 0):
 garbage-first heap   total 75776K, used 54042K [0x0000000080000000, 0x0000000100000000)
  region size 1024K, 44 young (45056K), 11 survivors (11264K)
 Metaspace       used 28177K, capacity 28673K, committed 28848K, reserved 1075200K
  class space    used 3852K, capacity 4013K, committed 4096K, reserved 1048576K
}
Event: 13.936 GC heap after
{Heap after GC invocations=5 (full 0):
 garbage-first heap   total 75776K, used 23661K [0x0000000080000000, 0x0000000100000000)
  region size 1024K, 4 young (4096K), 4 survivors (4096K)
 Metaspace       used 28177K, capacity 28673K, committed 28848K, reserved 1075200K
  class space    used 3852K, capacity 4013K, committed 4096K, reserved 1048576K
}

