# JRE version: Java(TM) SE Runtime Environment (15.0+36) (build 15+36-1562)
# Java VM: Java HotSpot(TM) 64-Bit Server VM (15+36-1562, mixed mode, sharing, tiered, compressed oops, g1 gc, windows-amd64)
GC Precious Log:
 CPUs: 8 total, 8 available
 Memory: 24295M
 Large Page Support: Disabled
 NUMA Support: Disabled
 Compressed Oops: Enabled (32-bit)
 Heap Region Size: 1M
 Heap Min Capacity: 8M
 Heap Initial Capacity: 380M
 Heap Max Capacity: 2G
 Pre-touch: Disabled
 Parallel Workers: 8
 Concurrent Workers: 2
 Concurrent Refinement Workers: 8
 Periodic GC: Disabled
Heap:
 garbage-first heap   total 389120K, used 255002K [0x0000000080000000, 0x0000000100000000)
  region size 1024K, 11 young (11264K), 5 survivors (5120K)
 Metaspace       used 93793K, capacity 95132K, committed 95444K, reserved 1132544K
  class space    used 12234K, capacity 12674K, committed 12748K, reserved 1048576K
GC Heap History (20 events):
Event: 20.547 GC heap before
{Heap before GC invocations=29 (full 0):
 garbage-first heap   total 218112K, used 168769K [0x0000000080000000, 0x0000000100000000)
  region size 1024K, 84 young (86016K), 7 survivors (7168K)
 Metaspace       used 86680K, capacity 87957K, committed 88276K, reserved 1126400K
  class space    used 11220K, capacity 11631K, committed 11724K, reserved 1048576K
}
Event: 20.555 GC heap after
{Heap after GC invocations=30 (full 0):
 garbage-first heap   total 218112K, used 95736K [0x0000000080000000, 0x0000000100000000)
  region size 1024K, 5 young (5120K), 5 survivors (5120K)
 Metaspace       used 86680K, capacity 87957K, committed 88276K, reserved 1126400K
  class space    used 11220K, capacity 11631K, committed 11724K, reserved 1048576K
}
Event: 21.187 GC heap before
{Heap before GC invocations=30 (full 0):
 garbage-first heap   total 218112K, used 172536K [0x0000000080000000, 0x0000000100000000)
  region size 1024K, 81 young (82944K), 5 survivors (5120K)
 Metaspace       used 88314K, capacity 89548K, committed 89684K, reserved 1128448K
  class space    used 11410K, capacity 11798K, committed 11852K, reserved 1048576K
}
Event: 21.194 GC heap after
{Heap after GC invocations=31 (full 0):
 garbage-first heap   total 218112K, used 100854K [0x0000000080000000, 0x0000000100000000)
  region size 1024K, 10 young (10240K), 10 survivors (10240K)
 Metaspace       used 88314K, capacity 89548K, committed 89684K, reserved 1128448K
  class space    used 11410K, capacity 11798K, committed 11852K, reserved 1048576K
}
Event: 21.352 GC heap before
{Heap before GC invocations=31 (full 0):
 garbage-first heap   total 218112K, used 128502K [0x0000000080000000, 0x0000000100000000)
  region size 1024K, 34 young (34816K), 10 survivors (10240K)
 Metaspace       used 88492K, capacity 89700K, committed 89940K, reserved 1128448K
  class space    used 11424K, capacity 11802K, committed 11852K, reserved 1048576K
}
Event: 21.360 GC heap after
{Heap after GC invocations=32 (full 0):
 garbage-first heap   total 218112K, used 109402K [0x0000000080000000, 0x0000000100000000)
  region size 1024K, 9 young (9216K), 9 survivors (9216K)
 Metaspace       used 88492K, capacity 89700K, committed 89940K, reserved 1128448K
  class space    used 11424K, capacity 11802K, committed 11852K, reserved 1048576K
}
Event: 21.746 GC heap before
{Heap before GC invocations=33 (full 0):
 garbage-first heap   total 218112K, used 141146K [0x0000000080000000, 0x0000000100000000)
  region size 1024K, 32 young (32768K), 9 survivors (9216K)
 Metaspace       used 90566K, capacity 91792K, committed 91988K, reserved 1130496K
  class space    used 11724K, capacity 12094K, committed 12108K, reserved 1048576K
}
Event: 21.752 GC heap after
{Heap after GC invocations=34 (full 0):
 garbage-first heap   total 218112K, used 126157K [0x0000000080000000, 0x0000000100000000)
  region size 1024K, 10 young (10240K), 10 survivors (10240K)
 Metaspace       used 90566K, capacity 91792K, committed 91988K, reserved 1130496K
  class space    used 11724K, capacity 12094K, committed 12108K, reserved 1048576K
}
Event: 22.135 GC heap before
{Heap before GC invocations=35 (full 0):
 garbage-first heap   total 306176K, used 207053K [0x0000000080000000, 0x0000000100000000)
  region size 1024K, 60 young (61440K), 10 survivors (10240K)
 Metaspace       used 91153K, capacity 92403K, committed 92628K, reserved 1130496K
  class space    used 11799K, capacity 12191K, committed 12236K, reserved 1048576K
}
Event: 22.150 GC heap after
{Heap after GC invocations=36 (full 0):
 garbage-first heap   total 306176K, used 161204K [0x0000000080000000, 0x0000000100000000)
  region size 1024K, 8 young (8192K), 8 survivors (8192K)
 Metaspace       used 91153K, capacity 92403K, committed 92628K, reserved 1130496K
  class space    used 11799K, capacity 12191K, committed 12236K, reserved 1048576K
}
Event: 22.165 GC heap before
{Heap before GC invocations=36 (full 0):
 garbage-first heap   total 306176K, used 161204K [0x0000000080000000, 0x0000000100000000)
  region size 1024K, 9 young (9216K), 8 survivors (8192K)
 Metaspace       used 91159K, capacity 92403K, committed 92628K, reserved 1130496K
  class space    used 11800K, capacity 12191K, committed 12236K, reserved 1048576K
}
Event: 22.170 GC heap after
{Heap after GC invocations=37 (full 0):
 garbage-first heap   total 306176K, used 162404K [0x0000000080000000, 0x0000000100000000)
  region size 1024K, 1 young (1024K), 1 survivors (1024K)
 Metaspace       used 91159K, capacity 92403K, committed 92628K, reserved 1130496K
  class space    used 11800K, capacity 12191K, committed 12236K, reserved 1048576K
}
Event: 22.456 GC heap before
{Heap before GC invocations=38 (full 0):
 garbage-first heap   total 321536K, used 203364K [0x0000000080000000, 0x0000000100000000)
  region size 1024K, 41 young (41984K), 1 survivors (1024K)
 Metaspace       used 91627K, capacity 92947K, committed 93268K, reserved 1130496K
  class space    used 11871K, capacity 12287K, committed 12364K, reserved 1048576K
}
Event: 22.473 GC heap after
{Heap after GC invocations=39 (full 0):
 garbage-first heap   total 321536K, used 178714K [0x0000000080000000, 0x0000000100000000)
  region size 1024K, 9 young (9216K), 9 survivors (9216K)
 Metaspace       used 91627K, capacity 92947K, committed 93268K, reserved 1130496K
  class space    used 11871K, capacity 12287K, committed 12364K, reserved 1048576K
}
Event: 22.871 GC heap before
{Heap before GC invocations=40 (full 0):
 garbage-first heap   total 327680K, used 242202K [0x0000000080000000, 0x0000000100000000)
  region size 1024K, 70 young (71680K), 9 survivors (9216K)
 Metaspace       used 93762K, capacity 95132K, committed 95444K, reserved 1132544K
  class space    used 12234K, capacity 12674K, committed 12748K, reserved 1048576K
}
Event: 22.905 GC heap after
{Heap after GC invocations=41 (full 0):
 garbage-first heap   total 327680K, used 211608K [0x0000000080000000, 0x0000000100000000)
  region size 1024K, 9 young (9216K), 9 survivors (9216K)
 Metaspace       used 93762K, capacity 95132K, committed 95444K, reserved 1132544K
  class space    used 12234K, capacity 12674K, committed 12748K, reserved 1048576K
}
Event: 23.034 GC heap before
{Heap before GC invocations=41 (full 0):
 garbage-first heap   total 327680K, used 252568K [0x0000000080000000, 0x0000000100000000)
  region size 1024K, 50 young (51200K), 9 survivors (9216K)
 Metaspace       used 93783K, capacity 95132K, committed 95444K, reserved 1132544K
  class space    used 12234K, capacity 12674K, committed 12748K, reserved 1048576K
}
Event: 23.063 GC heap after
{Heap after GC invocations=42 (full 0):
 garbage-first heap   total 327680K, used 236058K [0x0000000080000000, 0x0000000100000000)
  region size 1024K, 7 young (7168K), 7 survivors (7168K)
 Metaspace       used 93783K, capacity 95132K, committed 95444K, reserved 1132544K
  class space    used 12234K, capacity 12674K, committed 12748K, reserved 1048576K
}
Event: 23.197 GC heap before
{Heap before GC invocations=42 (full 0):
 garbage-first heap   total 327680K, used 262682K [0x0000000080000000, 0x0000000100000000)
  region size 1024K, 33 young (33792K), 7 survivors (7168K)
 Metaspace       used 93789K, capacity 95132K, committed 95444K, reserved 1132544K
  class space    used 12234K, capacity 12674K, committed 12748K, reserved 1048576K
}
Event: 23.224 GC heap after
{Heap after GC invocations=43 (full 0):
 garbage-first heap   total 327680K, used 251930K [0x0000000080000000, 0x0000000100000000)
  region size 1024K, 5 young (5120K), 5 survivors (5120K)
 Metaspace       used 93789K, capacity 95132K, committed 95444K, reserved 1132544K
  class space    used 12234K, capacity 12674K, committed 12748K, reserved 1048576K
}

