# JRE version: Java(TM) SE Runtime Environment (15.0+36) (build 15+36-1562)
# Java VM: Java HotSpot(TM) 64-Bit Server VM (15+36-1562, mixed mode, sharing, tiered, compressed oops, g1 gc, windows-amd64)
GC Precious Log:
 CPUs: 8 total, 8 available
 Memory: 24295M
 Large Page Support: Disabled
 NUMA Support: Disabled
 Compressed Oops: Enabled (32-bit)
 Heap Region Size: 1M
 Heap Min Capacity: 8M
 Heap Initial Capacity: 380M
 Heap Max Capacity: 2G
 Pre-touch: Disabled
 Parallel Workers: 8
 Concurrent Workers: 2
 Concurrent Refinement Workers: 8
 Periodic GC: Disabled
Heap:
 garbage-first heap   total 442368K, used 269601K [0x0000000080000000, 0x0000000100000000)
  region size 1024K, 62 young (63488K), 8 survivors (8192K)
 Metaspace       used 171779K, capacity 174742K, committed 175024K, reserved 1202176K
  class space    used 20537K, capacity 21419K, committed 21504K, reserved 1048576K
GC Heap History (20 events):
Event: 9232.870 GC heap before
{Heap before GC invocations=118 (full 1):
 garbage-first heap   total 442368K, used 332039K [0x0000000080000000, 0x0000000100000000)
  region size 1024K, 153 young (156672K), 12 survivors (12288K)
 Metaspace       used 166406K, capacity 169270K, committed 169520K, reserved 1198080K
  class space    used 20157K, capacity 21004K, committed 21120K, reserved 1048576K
}
Event: 9232.877 GC heap after
{Heap after GC invocations=119 (full 1):
 garbage-first heap   total 442368K, used 189042K [0x0000000080000000, 0x0000000100000000)
  region size 1024K, 10 young (10240K), 10 survivors (10240K)
 Metaspace       used 166406K, capacity 169270K, committed 169520K, reserved 1198080K
  class space    used 20157K, capacity 21004K, committed 21120K, reserved 1048576K
}
Event: 9234.763 GC heap before
{Heap before GC invocations=119 (full 1):
 garbage-first heap   total 442368K, used 266866K [0x0000000080000000, 0x0000000100000000)
  region size 1024K, 88 young (90112K), 10 survivors (10240K)
 Metaspace       used 166675K, capacity 169500K, committed 169776K, reserved 1198080K
  class space    used 20164K, capacity 21038K, committed 21120K, reserved 1048576K
}
Event: 9234.772 GC heap after
{Heap after GC invocations=120 (full 1):
 garbage-first heap   total 442368K, used 198805K [0x0000000080000000, 0x0000000100000000)
  region size 1024K, 20 young (20480K), 20 survivors (20480K)
 Metaspace       used 166675K, capacity 169500K, committed 169776K, reserved 1198080K
  class space    used 20164K, capacity 21038K, committed 21120K, reserved 1048576K
}
Event: 9238.881 GC heap before
{Heap before GC invocations=121 (full 1):
 garbage-first heap   total 442368K, used 368789K [0x0000000080000000, 0x0000000100000000)
  region size 1024K, 164 young (167936K), 20 survivors (20480K)
 Metaspace       used 169508K, capacity 172410K, committed 172464K, reserved 1200128K
  class space    used 20357K, capacity 21236K, committed 21248K, reserved 1048576K
}
Event: 9238.892 GC heap after
{Heap after GC invocations=122 (full 1):
 garbage-first heap   total 442368K, used 193652K [0x0000000080000000, 0x0000000100000000)
  region size 1024K, 8 young (8192K), 8 survivors (8192K)
 Metaspace       used 169508K, capacity 172410K, committed 172464K, reserved 1200128K
  class space    used 20357K, capacity 21236K, committed 21248K, reserved 1048576K
}
Event: 9239.017 GC heap before
{Heap before GC invocations=122 (full 1):
 garbage-first heap   total 442368K, used 206964K [0x0000000080000000, 0x0000000100000000)
  region size 1024K, 21 young (21504K), 8 survivors (8192K)
 Metaspace       used 169764K, capacity 172698K, committed 172848K, reserved 1200128K
  class space    used 20373K, capacity 21268K, committed 21376K, reserved 1048576K
}
Event: 9239.042 GC heap after
{Heap after GC invocations=123 (full 1):
 garbage-first heap   total 442368K, used 170148K [0x0000000080000000, 0x0000000100000000)
  region size 1024K, 3 young (3072K), 3 survivors (3072K)
 Metaspace       used 169764K, capacity 172698K, committed 172848K, reserved 1200128K
  class space    used 20373K, capacity 21268K, committed 21376K, reserved 1048576K
}
Event: 9239.572 GC heap before
{Heap before GC invocations=123 (full 1):
 garbage-first heap   total 442368K, used 216228K [0x0000000080000000, 0x0000000100000000)
  region size 1024K, 49 young (50176K), 3 survivors (3072K)
 Metaspace       used 170067K, capacity 172954K, committed 173104K, reserved 1202176K
  class space    used 20389K, capacity 21268K, committed 21376K, reserved 1048576K
}
Event: 9239.583 GC heap after
{Heap after GC invocations=124 (full 1):
 garbage-first heap   total 442368K, used 168771K [0x0000000080000000, 0x0000000100000000)
  region size 1024K, 2 young (2048K), 2 survivors (2048K)
 Metaspace       used 170067K, capacity 172954K, committed 173104K, reserved 1202176K
  class space    used 20389K, capacity 21268K, committed 21376K, reserved 1048576K
}
Event: 9240.911 GC heap before
{Heap before GC invocations=125 (full 1):
 garbage-first heap   total 442368K, used 248643K [0x0000000080000000, 0x0000000100000000)
  region size 1024K, 80 young (81920K), 2 survivors (2048K)
 Metaspace       used 170586K, capacity 173455K, committed 173616K, reserved 1202176K
  class space    used 20412K, capacity 21305K, committed 21376K, reserved 1048576K
}
Event: 9240.916 GC heap after
{Heap after GC invocations=126 (full 1):
 garbage-first heap   total 442368K, used 170535K [0x0000000080000000, 0x0000000100000000)
  region size 1024K, 4 young (4096K), 4 survivors (4096K)
 Metaspace       used 170586K, capacity 173455K, committed 173616K, reserved 1202176K
  class space    used 20412K, capacity 21305K, committed 21376K, reserved 1048576K
}
Event: 9242.308 GC heap before
{Heap before GC invocations=127 (full 1):
 garbage-first heap   total 442368K, used 366119K [0x0000000080000000, 0x0000000100000000)
  region size 1024K, 192 young (196608K), 4 survivors (4096K)
 Metaspace       used 171120K, capacity 174035K, committed 174128K, reserved 1202176K
  class space    used 20471K, capacity 21370K, committed 21376K, reserved 1048576K
}
Event: 9242.332 GC heap after
{Heap after GC invocations=128 (full 1):
 garbage-first heap   total 442368K, used 199086K [0x0000000080000000, 0x0000000100000000)
  region size 1024K, 24 young (24576K), 24 survivors (24576K)
 Metaspace       used 171120K, capacity 174035K, committed 174128K, reserved 1202176K
  class space    used 20471K, capacity 21370K, committed 21376K, reserved 1048576K
}
Event: 9243.032 GC heap before
{Heap before GC invocations=128 (full 1):
 garbage-first heap   total 442368K, used 341422K [0x0000000080000000, 0x0000000100000000)
  region size 1024K, 165 young (168960K), 24 survivors (24576K)
 Metaspace       used 171341K, capacity 174315K, committed 174384K, reserved 1202176K
  class space    used 20489K, capacity 21374K, committed 21376K, reserved 1048576K
}
Event: 9243.055 GC heap after
{Heap after GC invocations=129 (full 1):
 garbage-first heap   total 442368K, used 201353K [0x0000000080000000, 0x0000000100000000)
  region size 1024K, 8 young (8192K), 8 survivors (8192K)
 Metaspace       used 171341K, capacity 174315K, committed 174384K, reserved 1202176K
  class space    used 20489K, capacity 21374K, committed 21376K, reserved 1048576K
}
Event: 9244.724 GC heap before
{Heap before GC invocations=130 (full 1):
 garbage-first heap   total 442368K, used 361097K [0x0000000080000000, 0x0000000100000000)
  region size 1024K, 163 young (166912K), 8 survivors (8192K)
 Metaspace       used 171487K, capacity 174443K, committed 174640K, reserved 1202176K
  class space    used 20499K, capacity 21374K, committed 21376K, reserved 1048576K
}
Event: 9244.738 GC heap after
{Heap after GC invocations=131 (full 1):
 garbage-first heap   total 442368K, used 215925K [0x0000000080000000, 0x0000000100000000)
  region size 1024K, 21 young (21504K), 21 survivors (21504K)
 Metaspace       used 171487K, capacity 174443K, committed 174640K, reserved 1202176K
  class space    used 20499K, capacity 21374K, committed 21376K, reserved 1048576K
}
Event: 9245.615 GC heap before
{Heap before GC invocations=131 (full 1):
 garbage-first heap   total 442368K, used 361333K [0x0000000080000000, 0x0000000100000000)
  region size 1024K, 164 young (167936K), 21 survivors (21504K)
 Metaspace       used 171701K, capacity 174603K, committed 174768K, reserved 1202176K
  class space    used 20529K, capacity 21406K, committed 21504K, reserved 1048576K
}
Event: 9245.626 GC heap after
{Heap after GC invocations=132 (full 1):
 garbage-first heap   total 442368K, used 217377K [0x0000000080000000, 0x0000000100000000)
  region size 1024K, 8 young (8192K), 8 survivors (8192K)
 Metaspace       used 171701K, capacity 174603K, committed 174768K, reserved 1202176K
  class space    used 20529K, capacity 21406K, committed 21504K, reserved 1048576K
}

