# JRE version: Java(TM) SE Runtime Environment (15.0+36) (build 15+36-1562)
# Java VM: Java HotSpot(TM) 64-Bit Server VM (15+36-1562, mixed mode, sharing, tiered, compressed oops, g1 gc, windows-amd64)
GC Precious Log:
 CPUs: 8 total, 8 available
 Memory: 24295M
 Large Page Support: Disabled
 NUMA Support: Disabled
 Compressed Oops: Enabled (32-bit)
 Heap Region Size: 1M
 Heap Min Capacity: 8M
 Heap Initial Capacity: 380M
 Heap Max Capacity: 2G
 Pre-touch: Disabled
 Parallel Workers: 8
 Concurrent Workers: 2
 Concurrent Refinement Workers: 8
 Periodic GC: Disabled
Heap:
 garbage-first heap   total 370688K, used 227751K [0x0000000080000000, 0x0000000100000000)
  region size 1024K, 30 young (30720K), 9 survivors (9216K)
 Metaspace       used 148623K, capacity 150658K, committed 151088K, reserved 1181696K
  class space    used 17984K, capacity 18631K, committed 18816K, reserved 1048576K
GC Heap History (20 events):
Event: 3675.398 GC heap before
{Heap before GC invocations=92 (full 0):
 garbage-first heap   total 339968K, used 189584K [0x0000000080000000, 0x0000000100000000)
  region size 1024K, 29 young (29696K), 6 survivors (6144K)
 Metaspace       used 135486K, capacity 137465K, committed 137904K, reserved 1169408K
  class space    used 16358K, capacity 17004K, committed 17152K, reserved 1048576K
}
Event: 3675.403 GC heap after
{Heap after GC invocations=93 (full 0):
 garbage-first heap   total 339968K, used 171899K [0x0000000080000000, 0x0000000100000000)
  region size 1024K, 11 young (11264K), 11 survivors (11264K)
 Metaspace       used 135486K, capacity 137465K, committed 137904K, reserved 1169408K
  class space    used 16358K, capacity 17004K, committed 17152K, reserved 1048576K
}
Event: 3675.611 GC heap before
{Heap before GC invocations=94 (full 0):
 garbage-first heap   total 339968K, used 195451K [0x0000000080000000, 0x0000000100000000)
  region size 1024K, 33 young (33792K), 11 survivors (11264K)
 Metaspace       used 136057K, capacity 138108K, committed 138416K, reserved 1171456K
  class space    used 16408K, capacity 17069K, committed 17152K, reserved 1048576K
}
Event: 3675.620 GC heap after
{Heap after GC invocations=95 (full 0):
 garbage-first heap   total 339968K, used 180201K [0x0000000080000000, 0x0000000100000000)
  region size 1024K, 6 young (6144K), 6 survivors (6144K)
 Metaspace       used 136057K, capacity 138108K, committed 138416K, reserved 1171456K
  class space    used 16408K, capacity 17069K, committed 17152K, reserved 1048576K
}
Event: 3675.947 GC heap before
{Heap before GC invocations=96 (full 0):
 garbage-first heap   total 339968K, used 202729K [0x0000000080000000, 0x0000000100000000)
  region size 1024K, 29 young (29696K), 6 survivors (6144K)
 Metaspace       used 138045K, capacity 140060K, committed 140464K, reserved 1173504K
  class space    used 16564K, capacity 17229K, committed 17408K, reserved 1048576K
}
Event: 3675.953 GC heap after
{Heap after GC invocations=97 (full 0):
 garbage-first heap   total 339968K, used 184130K [0x0000000080000000, 0x0000000100000000)
  region size 1024K, 4 young (4096K), 4 survivors (4096K)
 Metaspace       used 138045K, capacity 140060K, committed 140464K, reserved 1173504K
  class space    used 16564K, capacity 17229K, committed 17408K, reserved 1048576K
}
Event: 3684.189 GC heap before
{Heap before GC invocations=98 (full 0):
 garbage-first heap   total 339968K, used 244546K [0x0000000080000000, 0x0000000100000000)
  region size 1024K, 63 young (64512K), 4 survivors (4096K)
 Metaspace       used 139367K, capacity 141466K, committed 141744K, reserved 1173504K
  class space    used 16623K, capacity 17330K, committed 17408K, reserved 1048576K
}
Event: 3684.193 GC heap after
{Heap after GC invocations=99 (full 0):
 garbage-first heap   total 339968K, used 184952K [0x0000000080000000, 0x0000000100000000)
  region size 1024K, 5 young (5120K), 5 survivors (5120K)
 Metaspace       used 139367K, capacity 141466K, committed 141744K, reserved 1173504K
  class space    used 16623K, capacity 17330K, committed 17408K, reserved 1048576K
}
Event: 3684.513 GC heap before
{Heap before GC invocations=99 (full 0):
 garbage-first heap   total 339968K, used 249464K [0x0000000080000000, 0x0000000100000000)
  region size 1024K, 69 young (70656K), 5 survivors (5120K)
 Metaspace       used 140072K, capacity 142138K, committed 142384K, reserved 1173504K
  class space    used 16698K, capacity 17362K, committed 17536K, reserved 1048576K
}
Event: 3684.521 GC heap after
{Heap after GC invocations=100 (full 0):
 garbage-first heap   total 339968K, used 188592K [0x0000000080000000, 0x0000000100000000)
  region size 1024K, 8 young (8192K), 8 survivors (8192K)
 Metaspace       used 140072K, capacity 142138K, committed 142384K, reserved 1173504K
  class space    used 16698K, capacity 17362K, committed 17536K, reserved 1048576K
}
Event: 3686.722 GC heap before
{Heap before GC invocations=101 (full 0):
 garbage-first heap   total 339968K, used 258224K [0x0000000080000000, 0x0000000100000000)
  region size 1024K, 75 young (76800K), 8 survivors (8192K)
 Metaspace       used 142002K, capacity 144073K, committed 144432K, reserved 1175552K
  class space    used 16943K, capacity 17622K, committed 17792K, reserved 1048576K
}
Event: 3686.732 GC heap after
{Heap after GC invocations=102 (full 0):
 garbage-first heap   total 339968K, used 195886K [0x0000000080000000, 0x0000000100000000)
  region size 1024K, 10 young (10240K), 10 survivors (10240K)
 Metaspace       used 142002K, capacity 144073K, committed 144432K, reserved 1175552K
  class space    used 16943K, capacity 17622K, committed 17792K, reserved 1048576K
}
Event: 3686.798 GC heap before
{Heap before GC invocations=102 (full 0):
 garbage-first heap   total 339968K, used 201006K [0x0000000080000000, 0x0000000100000000)
  region size 1024K, 16 young (16384K), 10 survivors (10240K)
 Metaspace       used 142050K, capacity 144207K, committed 144688K, reserved 1175552K
  class space    used 16950K, capacity 17623K, committed 17792K, reserved 1048576K
}
Event: 3686.819 GC heap after
{Heap after GC invocations=103 (full 0):
 garbage-first heap   total 339968K, used 175679K [0x0000000080000000, 0x0000000100000000)
  region size 1024K, 2 young (2048K), 2 survivors (2048K)
 Metaspace       used 142050K, capacity 144207K, committed 144688K, reserved 1175552K
  class space    used 16950K, capacity 17623K, committed 17792K, reserved 1048576K
}
Event: 3686.880 GC heap before
{Heap before GC invocations=103 (full 0):
 garbage-first heap   total 339968K, used 176703K [0x0000000080000000, 0x0000000100000000)
  region size 1024K, 4 young (4096K), 2 survivors (2048K)
 Metaspace       used 142156K, capacity 144277K, committed 144688K, reserved 1175552K
  class space    used 16960K, capacity 17625K, committed 17792K, reserved 1048576K
}
Event: 3686.885 GC heap after
{Heap after GC invocations=104 (full 0):
 garbage-first heap   total 339968K, used 174903K [0x0000000080000000, 0x0000000100000000)
  region size 1024K, 1 young (1024K), 1 survivors (1024K)
 Metaspace       used 142156K, capacity 144277K, committed 144688K, reserved 1175552K
  class space    used 16960K, capacity 17625K, committed 17792K, reserved 1048576K
}
Event: 3687.340 GC heap before
{Heap before GC invocations=105 (full 0):
 garbage-first heap   total 339968K, used 268087K [0x0000000080000000, 0x0000000100000000)
  region size 1024K, 85 young (87040K), 1 survivors (1024K)
 Metaspace       used 143400K, capacity 145448K, committed 145712K, reserved 1177600K
  class space    used 17294K, capacity 17919K, committed 18048K, reserved 1048576K
}
Event: 3687.354 GC heap after
{Heap after GC invocations=106 (full 0):
 garbage-first heap   total 339968K, used 194877K [0x0000000080000000, 0x0000000100000000)
  region size 1024K, 11 young (11264K), 11 survivors (11264K)
 Metaspace       used 143400K, capacity 145448K, committed 145712K, reserved 1177600K
  class space    used 17294K, capacity 17919K, committed 18048K, reserved 1048576K
}
Event: 3687.729 GC heap before
{Heap before GC invocations=106 (full 0):
 garbage-first heap   total 339968K, used 264509K [0x0000000080000000, 0x0000000100000000)
  region size 1024K, 80 young (81920K), 11 survivors (11264K)
 Metaspace       used 146753K, capacity 148866K, committed 149296K, reserved 1179648K
  class space    used 17790K, capacity 18439K, committed 18560K, reserved 1048576K
}
Event: 3687.739 GC heap after
{Heap after GC invocations=107 (full 0):
 garbage-first heap   total 339968K, used 200218K [0x0000000080000000, 0x0000000100000000)
  region size 1024K, 5 young (5120K), 5 survivors (5120K)
 Metaspace       used 146753K, capacity 148866K, committed 149296K, reserved 1179648K
  class space    used 17790K, capacity 18439K, committed 18560K, reserved 1048576K
}

